<?xml version="1.0" encoding="UTF-8"?>
<!-- Generated by org.testng.reporters.JUnitReportReporter -->
<testsuite name="com.actitime.test.CreateCustomer" tests="1" time="37.523" ignored="0" failures="0" timestamp="07 Sep 2020 16:36:42 GMT" skipped="0" hostname="User" errors="0">
  <testcase name="testCreateCustomer" time="37.523" classname="com.actitime.test.CreateCustomer"/>
</testsuite> <!-- com.actitime.test.CreateCustomer -->
